<?xml version="1.0" encoding="UTF-8"?>
<!-- Generated by org.testng.reporters.JUnitReportReporter -->
<testsuite skipped="0" hostname="L-156042808" name="myTestCases.NewTest" tests="1" failures="0" timestamp="08 Aug 2017 09:22:42 GMT" time="55.768" errors="0">
  <testcase name="main" time="55.768" classname="myTestCases.NewTest"/>
</testsuite> <!-- myTestCases.NewTest -->
