<?xml version="1.0" encoding="UTF-8"?>
<!-- Generated by org.testng.reporters.JUnitReportReporter -->
<testsuite skipped="0" hostname="L-156042808" name="myTestCases.Exampel" tests="1" failures="0" timestamp="15 Oct 2017 08:25:20 GMT" time="18.859" errors="0">
  <testcase name="startup" time="18.859" classname="myTestCases.Exampel"/>
</testsuite> <!-- myTestCases.Exampel -->
