<?xml version="1.0" encoding="UTF-8"?>
<!-- Generated by org.testng.reporters.JUnitReportReporter -->
<testsuite skipped="0" hostname="L-156042808" name="myTestCases.TC_08" tests="2" failures="0" timestamp="20 Sep 2017 12:12:46 GMT" time="14.765" errors="0">
  <testcase name="login" time="12.985" classname="myTestCases.TC_08"/>
  <testcase name="find_all" time="1.780" classname="myTestCases.TC_08"/>
</testsuite> <!-- myTestCases.TC_08 -->
