<?xml version="1.0" encoding="UTF-8"?>
<!-- Generated by org.testng.reporters.JUnitReportReporter -->
<testsuite skipped="2" hostname="L-156042808" name="myTestCases.TC_04" tests="6" failures="0" timestamp="08 Sep 2017 13:32:48 GMT" time="54.927" errors="0">
  <testcase name="login" time="6.917" classname="myTestCases.TC_04"/>
  <testcase name="click_on_Homepage" time="0.614" classname="myTestCases.TC_04"/>
  <testcase name="click_on_fetaured" time="14.505" classname="myTestCases.TC_04"/>
  <testcase name="footer_orderHistory" time="32.891" classname="myTestCases.TC_04"/>
  <testcase name="add_cart" classname="myTestCases.TC_04">
    <skipped/>
  </testcase> <!-- add_cart -->
  <testcase name="shopping_cart_common_lib" classname="myTestCases.TC_04">
    <skipped/>
  </testcase> <!-- shopping_cart_common_lib -->
</testsuite> <!-- myTestCases.TC_04 -->
