<?xml version="1.0" encoding="UTF-8"?>
<!-- Generated by org.testng.reporters.JUnitReportReporter -->
<testsuite skipped="0" hostname="L-156042808" name="myTestCases.TC_07" tests="3" failures="0" timestamp="20 Sep 2017 11:44:50 GMT" time="19.679" errors="0">
  <testcase name="login" time="6.404" classname="myTestCases.TC_07"/>
  <testcase name="menu" time="7.654" classname="myTestCases.TC_07"/>
  <testcase name="finish" time="5.621" classname="myTestCases.TC_07"/>
</testsuite> <!-- myTestCases.TC_07 -->
