<?xml version="1.0" encoding="UTF-8"?>
<!-- Generated by org.testng.reporters.JUnitReportReporter -->
<testsuite skipped="0" hostname="L-156042808" name="myTestCases.TC_05" tests="5" failures="0" timestamp="14 Sep 2017 08:12:57 GMT" time="59.952" errors="0">
  <testcase name="login" time="2.473" classname="myTestCases.TC_05"/>
  <testcase name="footer_extras" time="10.125" classname="myTestCases.TC_05"/>
  <testcase name="footer_customerService" time="24.948" classname="myTestCases.TC_05"/>
  <testcase name="footer_WishList" time="16.395" classname="myTestCases.TC_05"/>
  <testcase name="finish" time="6.011" classname="myTestCases.TC_05"/>
</testsuite> <!-- myTestCases.TC_05 -->
