<?xml version="1.0" encoding="UTF-8"?>
<!-- Generated by org.testng.reporters.JUnitReportReporter -->
<testsuite skipped="0" hostname="L-156042808" name="myTestCases.TC_02" tests="5" failures="0" timestamp="16 Oct 2017 05:59:13 GMT" time="47.192" errors="0">
  <testcase name="login" time="6.295" classname="myTestCases.TC_02"/>
  <testcase name="search" time="2.049" classname="myTestCases.TC_02"/>
  <testcase name="sort_compare_Products" time="19.773" classname="myTestCases.TC_02"/>
  <testcase name="checkout_subscribe" time="13.473" classname="myTestCases.TC_02"/>
  <testcase name="finish" time="5.602" classname="myTestCases.TC_02"/>
</testsuite> <!-- myTestCases.TC_02 -->
